<?xml version="1.0" encoding="UTF-8"?>
<testng-results ignored="0" total="1" passed="1" failed="0" skipped="0">
  <reporter-output>
  </reporter-output>
  <suite started-at="2025-10-26T20:33:30 IST" name="Default suite" finished-at="2025-10-26T20:33:41 IST" duration-ms="11765">
    <groups>
    </groups>
    <test started-at="2025-10-26T20:33:30 IST" name="Default test" finished-at="2025-10-26T20:33:41 IST" duration-ms="11765">
      <class name="tets.Bootstramp$BootStrampDropDown">
        <test-method is-config="true" signature="setup()[pri:0, instance:tets.Bootstramp$BootStrampDropDown@47eaca72]" started-at="2025-10-26T20:33:30 IST" name="setup" finished-at="2025-10-26T20:33:34 IST" duration-ms="4271" status="PASS">
          <reporter-output>
          </reporter-output>
        </test-method> <!-- setup -->
        <test-method signature="test()[pri:0, instance:tets.Bootstramp$BootStrampDropDown@47eaca72]" started-at="2025-10-26T20:33:34 IST" name="test" finished-at="2025-10-26T20:33:41 IST" duration-ms="7397" status="PASS">
          <reporter-output>
          </reporter-output>
        </test-method> <!-- test -->
      </class> <!-- tets.Bootstramp$BootStrampDropDown -->
    </test> <!-- Default test -->
  </suite> <!-- Default suite -->
</testng-results>
