<?xml version="1.0" encoding="UTF-8"?>
<testng-results ignored="0" total="1" passed="1" failed="0" skipped="0">
  <reporter-output>
  </reporter-output>
  <suite started-at="2025-10-26T01:57:45 IST" name="Default suite" finished-at="2025-10-26T01:57:55 IST" duration-ms="9460">
    <groups>
    </groups>
    <test started-at="2025-10-26T01:57:45 IST" name="Default test" finished-at="2025-10-26T01:57:55 IST" duration-ms="9460">
      <class name="tets.codes">
        <test-method is-config="true" signature="setup()[pri:0, instance:tets.codes@73a1e9a9]" started-at="2025-10-26T01:57:45 IST" name="setup" finished-at="2025-10-26T01:57:49 IST" duration-ms="3804" status="PASS">
          <reporter-output>
          </reporter-output>
        </test-method> <!-- setup -->
        <test-method signature="test2()[pri:0, instance:tets.codes@73a1e9a9]" started-at="2025-10-26T01:57:49 IST" name="test2" finished-at="2025-10-26T01:57:55 IST" duration-ms="5580" status="PASS">
          <reporter-output>
          </reporter-output>
        </test-method> <!-- test2 -->
        <test-method is-config="true" signature="teardown()[pri:0, instance:tets.codes@73a1e9a9]" started-at="2025-10-26T01:57:55 IST" name="teardown" finished-at="2025-10-26T01:57:55 IST" duration-ms="0" status="PASS">
          <reporter-output>
          </reporter-output>
        </test-method> <!-- teardown -->
      </class> <!-- tets.codes -->
    </test> <!-- Default test -->
  </suite> <!-- Default suite -->
</testng-results>
